{
  "RSpec": {
    "coverage": {
      "/Users/ruthmoog/Documents/Programming Projects/Ruby/secret-santa-mailer/spec/hello_world_spec.rb": [
        null,
        null,
        1,
        null,
        1,
        1,
        1,
        1,
        null,
        1,
        null,
        1,
        null,
        null
      ],
      "/Users/ruthmoog/Documents/Programming Projects/Ruby/secret-santa-mailer/lib/santa.rb": [
        null,
        null,
        null,
        1,
        1,
        1,
        null,
        null
      ]
    },
    "timestamp": 1566231110
  }
}
